2026-03-31 13:15:32,350 WARNING werkzeug:  * Debugger is active!
2026-03-31 13:15:32,359 INFO werkzeug:  * Debugger PIN: 521-574-119
2026-03-31 13:15:37,665 INFO werkzeug:  * Detected change in 'C:\\Users\\Danlu\\OneDrive\\Documents\\GitHub\\Scraper 2.0\\backend\\app.py', reloading
2026-03-31 13:15:38,415 WARNING werkzeug:  * Debugger is active!
2026-03-31 13:15:38,420 INFO werkzeug:  * Debugger PIN: 521-574-119
2026-03-31 13:15:43,719 INFO werkzeug:  * Detected change in 'C:\\Users\\Danlu\\OneDrive\\Documents\\GitHub\\Scraper 2.0\\backend\\app.py', reloading
2026-03-31 13:15:44,383 WARNING werkzeug:  * Debugger is active!
2026-03-31 13:15:44,389 INFO werkzeug:  * Debugger PIN: 521-574-119
2026-03-31 13:15:47,595 INFO werkzeug:  * Detected change in 'C:\\Users\\Danlu\\OneDrive\\Documents\\GitHub\\Scraper 2.0\\backend\\app.py', reloading
2026-03-31 13:15:48,270 WARNING werkzeug:  * Debugger is active!
2026-03-31 13:15:48,276 INFO werkzeug:  * Debugger PIN: 521-574-119
2026-03-31 13:15:55,660 INFO werkzeug:  * Detected change in 'C:\\Users\\Danlu\\OneDrive\\Documents\\GitHub\\Scraper 2.0\\backend\\app.py', reloading
2026-03-31 13:15:56,303 WARNING werkzeug:  * Debugger is active!
2026-03-31 13:15:56,309 INFO werkzeug:  * Debugger PIN: 521-574-119
2026-03-31 13:16:02,647 INFO werkzeug:  * Detected change in 'C:\\Users\\Danlu\\OneDrive\\Documents\\GitHub\\Scraper 2.0\\backend\\app.py', reloading
2026-03-31 13:16:03,521 WARNING werkzeug:  * Debugger is active!
2026-03-31 13:16:03,528 INFO werkzeug:  * Debugger PIN: 521-574-119
2026-03-31 13:16:08,749 INFO werkzeug: 127.0.0.1 - - [31/Mar/2026 13:16:08] "GET /api/screenshots HTTP/1.1" 200 -
2026-03-31 13:16:08,753 INFO werkzeug: 127.0.0.1 - - [31/Mar/2026 13:16:08] "GET /api/screenshots HTTP/1.1" 200 -
2026-03-31 13:17:01,309 INFO werkzeug: 127.0.0.1 - - [31/Mar/2026 13:17:01] "POST /api/crawl/stream HTTP/1.1" 200 -
2026-03-31 13:20:44,541 INFO werkzeug:  * Detected change in 'C:\\Users\\Danlu\\OneDrive\\Documents\\GitHub\\Scraper 2.0\\backend\\data_paths.py', reloading
2026-03-31 13:20:45,259 WARNING werkzeug:  * Debugger is active!
2026-03-31 13:20:45,265 INFO werkzeug:  * Debugger PIN: 521-574-119
2026-03-31 13:20:46,403 INFO werkzeug:  * Detected change in 'C:\\Users\\Danlu\\OneDrive\\Documents\\GitHub\\Scraper 2.0\\backend\\data_paths.py', reloading
2026-03-31 13:20:47,100 WARNING werkzeug:  * Debugger is active!
2026-03-31 13:20:47,106 INFO werkzeug:  * Debugger PIN: 521-574-119
2026-03-31 13:20:53,475 INFO werkzeug:  * Detected change in 'C:\\Users\\Danlu\\OneDrive\\Documents\\GitHub\\Scraper 2.0\\backend\\app.py', reloading
2026-03-31 13:20:54,385 WARNING werkzeug:  * Debugger is active!
2026-03-31 13:20:54,391 INFO werkzeug:  * Debugger PIN: 521-574-119
2026-03-31 13:20:55,534 INFO werkzeug:  * Detected change in 'C:\\Users\\Danlu\\OneDrive\\Documents\\GitHub\\Scraper 2.0\\backend\\app.py', reloading
2026-03-31 13:20:56,484 WARNING werkzeug:  * Debugger is active!
2026-03-31 13:20:56,490 INFO werkzeug:  * Debugger PIN: 521-574-119
